g:\khugle(20210126)\06. khugle(image processing)\khugle\release\vc140.pdb
g:\khugle(20210126)\06. khugle(image processing)\khugle\release\soundplaywin.obj
g:\khugle(20210126)\06. khugle(image processing)\khugle\release\main.obj
g:\khugle(20210126)\06. khugle(image processing)\khugle\release\khuglewin.obj
g:\khugle(20210126)\06. khugle(image processing)\khugle\release\khuglesprite.obj
g:\khugle(20210126)\06. khugle(image processing)\khugle\release\khuglesignal.obj
g:\khugle(20210126)\06. khugle(image processing)\khugle\release\khuglescene.obj
g:\khugle(20210126)\06. khugle(image processing)\khugle\release\khuglelayer.obj
g:\khugle(20210126)\06. khugle(image processing)\khugle\release\khuglecomponent.obj
g:\khugle(20210126)\06. khugle(image processing)\khugle\release\khuglebase.obj
g:\khugle(20210126)\06. khugle(image processing)\run\khugle.exe
g:\khugle(20210126)\06. khugle(image processing)\run\khugle.ipdb
g:\khugle(20210126)\06. khugle(image processing)\run\khugle.iobj
g:\khugle(20210126)\06. khugle(image processing)\run\khugle.pdb
g:\khugle(20210126)\06. khugle(image processing)\\run\khugle.pdb
g:\khugle(20210126)\06. khugle(image processing)\\run\khugle.exe
g:\khugle(20210126)\06. khugle(image processing)\khugle\release\khugle.tlog\cl.command.1.tlog
g:\khugle(20210126)\06. khugle(image processing)\khugle\release\khugle.tlog\cl.read.1.tlog
g:\khugle(20210126)\06. khugle(image processing)\khugle\release\khugle.tlog\cl.write.1.tlog
g:\khugle(20210126)\06. khugle(image processing)\khugle\release\khugle.tlog\link.command.1.tlog
g:\khugle(20210126)\06. khugle(image processing)\khugle\release\khugle.tlog\link.read.1.tlog
g:\khugle(20210126)\06. khugle(image processing)\khugle\release\khugle.tlog\link.write.1.tlog
